running develop
running egg_info
creating mavlink_ros.egg-info
writing mavlink_ros.egg-info/PKG-INFO
writing dependency_links to mavlink_ros.egg-info/dependency_links.txt
writing entry points to mavlink_ros.egg-info/entry_points.txt
writing requirements to mavlink_ros.egg-info/requires.txt
writing top-level names to mavlink_ros.egg-info/top_level.txt
writing manifest file 'mavlink_ros.egg-info/SOURCES.txt'
reading manifest file 'mavlink_ros.egg-info/SOURCES.txt'
writing manifest file 'mavlink_ros.egg-info/SOURCES.txt'
running build_ext
Creating /home/dani/ros2_ws/install/mavlink_ros/lib/python3.12/site-packages/mavlink-ros.egg-link (link to .)
Installing battery_gps_node script to /home/dani/ros2_ws/install/mavlink_ros/lib/mavlink_ros
Installing mission_control_node script to /home/dani/ros2_ws/install/mavlink_ros/lib/mavlink_ros

Installed /home/dani/ros2_ws/build/mavlink_ros
running symlink_data
creating /home/dani/ros2_ws/install/mavlink_ros/share/ament_index
creating /home/dani/ros2_ws/install/mavlink_ros/share/ament_index/resource_index
creating /home/dani/ros2_ws/install/mavlink_ros/share/ament_index/resource_index/packages
symbolically linking /home/dani/ros2_ws/build/mavlink_ros/resource/mavlink_ros -> /home/dani/ros2_ws/install/mavlink_ros/share/ament_index/resource_index/packages
symbolically linking /home/dani/ros2_ws/build/mavlink_ros/package.xml -> /home/dani/ros2_ws/install/mavlink_ros/share/mavlink_ros
